[I 210416 16:07:14 metar-v4:1282] Restarting from awake/NeoSectional/metar-v4.py in 2 sec...
[I 210416 16:07:16 metar-v4:103] 
    
    Startup of metar-v4.py Script, Version v4.372
[I 210416 16:07:16 metar-v4:104] Log Level Set To: 20
[I 210416 16:07:16 metar-v4:312] Watching /NeoSectional/config.py For Change
[I 210416 16:07:16 metar-v4:343] metar-v4.py Settings Loaded
[I 210416 16:07:16 metar-v4:568] Airports File Loaded
[I 210416 16:07:16 metar-v4:574] METAR Data Loading
[I 210416 16:07:16 metar-v4:602] RPI IP Address = 192.168.86.33
[I 210416 16:07:17 metar-v4:606] Internet Available
[I 210416 16:07:17 metar-v4:607] https://www.aviationweather.gov/adds/dataserver_current/httpparam?dataSource=metars&requestType=retrieve&format=xml&mostRecentForEachStation=constraint&hoursBeforeNow=2.5&stationString=KHLB,KSAT,KHOU,KOLS,KCRP,KBRO,KIAH,KELP,KODO,KABI,KTUS,KLFT,KMSY,KBTR,KFTW,KSHV,KLBB,KMOB,KPNS,KJAN,KAMA,KOKC,KLIT,KMEM,KRSW,KSPG,KTLH,KBHM,KTUL,KXNA,KJAX,KSAV,KHSV,KATL,KMIA,KSGF,KPBI,KMCO,KEYW,KBNA,KCHA,KTYS,KAVL,KGSP,KCAE,KCHS,KCLT,KMYR,KFAY,KGSO,KRDU,KEVV,KSDF,KLEX,KLWB,KLYH,KCMH,KCLE,KPIT,KBUF,KRIC,KORF,KDCA,KROC,KBWI,KABE,KPHL,KACY,KSYR,KEWR,KALB,KJFK,KBDL,KPVD,KBOS,KMHT,KBGR,KPWM,KBTV,KFVE,KCVG,KDAY,KIND,KFWA,KDTW,KSBN,KFNT,KGRR,KSTL,KSPI,KPIA,KORD,KMLI,KMKE,K83D,KMCI,KMSN,KGRB,KCID,KDSM,KCKC,KASX,KMSP,KJMS,KOMA,KMHE,KBIS,KLNK,KPIR,KICT,KRAP,KECS,KLAA,KCYS,KCPR,KDEN,KMOT,KCOS,KBIL,KHDN,KMTJ,K46U,KGPI,KMSO,KGGW,KHVR,KCOE,KGEG,KAFO,KLGU,KSLC,KPSC,KONO,KBOI,KBNO,KPDX,KWMC,KAST,KTMK,KOTH,KNUW,KSEA,KAAT,KCEC,KACV,KRNO,KSMF,KSFO,KMRY,KFAT,KFMN,KBCE,KPGA,KABQ,KFLG,KSJN,KPRC,KLAS,KIGM,KHII,KPHX,KONT,KLAX,KSBA,KNYL,KSAN,KTYL
[I 210416 16:07:17 metar-v4:1150] Starting METAR Data Display
[I 210416 16:07:17 metar-v4:1259] Decoded METAR Data for Display
[I 210416 16:07:17 metar-v4:1330] Switch in position 0. Breaking out of loop for METARs
[I 210416 16:07:17 wipes-v4:41] 
    
    Startup of wipes-v4.py Script, Version v4.372
[I 210416 16:07:17 wipes-v4:42] Log Level Set To: 20
[I 210416 16:07:17 wipes-v4:755] maxlat = 48.55 minlat = 24.55 maxlon = -68.3 minlon = -124.25
[I 210416 16:07:17 wipes-v4:756] sizelat = 24.0 sizelon = 55.95 centerlat 36.55 centerlon = -96.28
[I 210416 16:07:18 wipes-v4:764] Executing checkerbox Wipe
[I 210416 16:07:24 wipes-v4:865] Turning Off all LEDs
[I 210416 16:07:24 metar-v4:556] Calling wipes script
[I 210416 16:07:24 metar-v4:568] Airports File Loaded
[I 210416 16:07:24 metar-v4:574] METAR Data Loading
[I 210416 16:07:24 metar-v4:602] RPI IP Address = 192.168.86.33
[I 210416 16:07:24 metar-v4:606] Internet Available
[I 210416 16:07:24 metar-v4:607] https://www.aviationweather.gov/adds/dataserver_current/httpparam?dataSource=metars&requestType=retrieve&format=xml&mostRecentForEachStation=constraint&hoursBeforeNow=2.5&stationString=KHLB,KSAT,KHOU,KOLS,KCRP,KBRO,KIAH,KELP,KODO,KABI,KTUS,KLFT,KMSY,KBTR,KFTW,KSHV,KLBB,KMOB,KPNS,KJAN,KAMA,KOKC,KLIT,KMEM,KRSW,KSPG,KTLH,KBHM,KTUL,KXNA,KJAX,KSAV,KHSV,KATL,KMIA,KSGF,KPBI,KMCO,KEYW,KBNA,KCHA,KTYS,KAVL,KGSP,KCAE,KCHS,KCLT,KMYR,KFAY,KGSO,KRDU,KEVV,KSDF,KLEX,KLWB,KLYH,KCMH,KCLE,KPIT,KBUF,KRIC,KORF,KDCA,KROC,KBWI,KABE,KPHL,KACY,KSYR,KEWR,KALB,KJFK,KBDL,KPVD,KBOS,KMHT,KBGR,KPWM,KBTV,KFVE,KCVG,KDAY,KIND,KFWA,KDTW,KSBN,KFNT,KGRR,KSTL,KSPI,KPIA,KORD,KMLI,KMKE,K83D,KMCI,KMSN,KGRB,KCID,KDSM,KCKC,KASX,KMSP,KJMS,KOMA,KMHE,KBIS,KLNK,KPIR,KICT,KRAP,KECS,KLAA,KCYS,KCPR,KDEN,KMOT,KCOS,KBIL,KHDN,KMTJ,K46U,KGPI,KMSO,KGGW,KHVR,KCOE,KGEG,KAFO,KLGU,KSLC,KPSC,KONO,KBOI,KBNO,KPDX,KWMC,KAST,KTMK,KOTH,KNUW,KSEA,KAAT,KCEC,KACV,KRNO,KSMF,KSFO,KMRY,KFAT,KFMN,KBCE,KPGA,KABQ,KFLG,KSJN,KPRC,KLAS,KIGM,KHII,KPHX,KONT,KLAX,KSBA,KNYL,KSAN,KTYL
[I 210416 16:07:24 metar-v4:1150] Starting METAR Data Display
[I 210416 16:07:24 metar-v4:1259] Decoded METAR Data for Display
[I 210416 16:12:59 metar-v4:1433] Ambient Sensor set brightness to bright_value
[I 210416 16:22:27 wipes-v4:41] 
    
    Startup of wipes-v4.py Script, Version v4.372
[I 210416 16:22:27 wipes-v4:42] Log Level Set To: 20
[I 210416 16:22:27 wipes-v4:755] maxlat = 48.55 minlat = 24.55 maxlon = -68.3 minlon = -124.25
[I 210416 16:22:27 wipes-v4:756] sizelat = 24.0 sizelon = 55.95 centerlat 36.55 centerlon = -96.28
[I 210416 16:22:28 wipes-v4:764] Executing checkerbox Wipe
[I 210416 16:22:34 wipes-v4:865] Turning Off all LEDs
[I 210416 16:22:34 metar-v4:556] Calling wipes script
[I 210416 16:22:34 metar-v4:568] Airports File Loaded
[I 210416 16:22:34 metar-v4:574] METAR Data Loading
[I 210416 16:22:34 metar-v4:602] RPI IP Address = 192.168.86.33
[I 210416 16:22:34 metar-v4:606] Internet Available
[I 210416 16:22:34 metar-v4:607] https://www.aviationweather.gov/adds/dataserver_current/httpparam?dataSource=metars&requestType=retrieve&format=xml&mostRecentForEachStation=constraint&hoursBeforeNow=2.5&stationString=KHLB,KSAT,KHOU,KOLS,KCRP,KBRO,KIAH,KELP,KODO,KABI,KTUS,KLFT,KMSY,KBTR,KFTW,KSHV,KLBB,KMOB,KPNS,KJAN,KAMA,KOKC,KLIT,KMEM,KRSW,KSPG,KTLH,KBHM,KTUL,KXNA,KJAX,KSAV,KHSV,KATL,KMIA,KSGF,KPBI,KMCO,KEYW,KBNA,KCHA,KTYS,KAVL,KGSP,KCAE,KCHS,KCLT,KMYR,KFAY,KGSO,KRDU,KEVV,KSDF,KLEX,KLWB,KLYH,KCMH,KCLE,KPIT,KBUF,KRIC,KORF,KDCA,KROC,KBWI,KABE,KPHL,KACY,KSYR,KEWR,KALB,KJFK,KBDL,KPVD,KBOS,KMHT,KBGR,KPWM,KBTV,KFVE,KCVG,KDAY,KIND,KFWA,KDTW,KSBN,KFNT,KGRR,KSTL,KSPI,KPIA,KORD,KMLI,KMKE,K83D,KMCI,KMSN,KGRB,KCID,KDSM,KCKC,KASX,KMSP,KJMS,KOMA,KMHE,KBIS,KLNK,KPIR,KICT,KRAP,KECS,KLAA,KCYS,KCPR,KDEN,KMOT,KCOS,KBIL,KHDN,KMTJ,K46U,KGPI,KMSO,KGGW,KHVR,KCOE,KGEG,KAFO,KLGU,KSLC,KPSC,KONO,KBOI,KBNO,KPDX,KWMC,KAST,KTMK,KOTH,KNUW,KSEA,KAAT,KCEC,KACV,KRNO,KSMF,KSFO,KMRY,KFAT,KFMN,KBCE,KPGA,KABQ,KFLG,KSJN,KPRC,KLAS,KIGM,KHII,KPHX,KONT,KLAX,KSBA,KNYL,KSAN,KTYL
[I 210416 16:22:34 metar-v4:1150] Starting METAR Data Display
[I 210416 16:22:34 metar-v4:1259] Decoded METAR Data for Display
